[
  {
    "line": 2,
    "elements": [
      {
        "start_timestamp": "2023-03-27T07:05:48.171Z",
        "line": 4,
        "name": "New User Order with Bank Transfer Test",
        "description": "",
        "id": "new-user-order-with-bank-transfer;new-user-order-with-bank-transfer-test",
        "type": "scenario",
        "keyword": "Scenario",
        "steps": [
          {
            "result": {
              "duration": 30202963000,
              "status": "passed"
            },
            "line": 6,
            "name": "User goes to url",
            "match": {
              "location": "stepDefinitions.LoginStepDef.userGoesToUrl()"
            },
            "keyword": "Given "
          },
          {
            "result": {
              "duration": 1293097100,
              "status": "passed"
            },
            "line": 7,
            "name": "User ckicks accept button on popup",
            "match": {
              "location": "stepDefinitions.OrderStepDef.userCkicksAcceptButtonOnPopup()"
            },
            "keyword": "When "
          },
          {
            "result": {
              "duration": 1875105600,
              "status": "passed"
            },
            "line": 8,
            "name": "User adds a  physical product to basket",
            "match": {
              "location": "stepDefinitions.OrderStepDef.userAddsAPhysicalProductToBasket()"
            },
            "keyword": "When "
          },
          {
            "result": {
              "duration": 30544705700,
              "status": "passed"
            },
            "line": 9,
            "name": "User ckicks accept button on popup",
            "match": {
              "location": "stepDefinitions.OrderStepDef.userCkicksAcceptButtonOnPopup()"
            },
            "keyword": "When "
          },
          {
            "result": {
              "duration": 999800,
              "status": "passed"
            },
            "line": 10,
            "name": "User clicks add to basket button",
            "match": {
              "location": "stepDefinitions.OrderStepDef.userClicksAddToBasketButton()"
            },
            "keyword": "And "
          },
          {
            "result": {
              "status": "passed"
            },
            "line": 11,
            "name": "User clicks my basket icon",
            "match": {
              "location": "stepDefinitions.OrderStepDef.userClicksMyBasketIcon()"
            },
            "keyword": "And "
          },
          {
            "result": {
              "status": "passed"
            },
            "line": 12,
            "name": "User clicks buy icon",
            "match": {
              "location": "stepDefinitions.OrderStepDef.userClicksBuyIcon()"
            },
            "keyword": "And "
          },
          {
            "result": {
              "duration": 9998100,
              "status": "passed"
            },
            "line": 13,
            "name": "User clicks Now Register Button",
            "match": {
              "location": "stepDefinitions.OrderStepDef.userClicksNowRegisterButton()"
            },
            "keyword": "And "
          },
          {
            "result": {
              "duration": 1000600,
              "status": "passed"
            },
            "line": 14,
            "name": "The user fills in the information in the form with valid values",
            "match": {
              "location": "stepDefinitions.OrderStepDef.theUserFillsInTheInformationInTheFormWithValidValues()"
            },
            "keyword": "And "
          },
          {
            "result": {
              "error_message": "org.openqa.selenium.TimeoutException: Expected condition failed: waiting for visibility of Located by By.xpath: //*[@class\u003d\u0027btn btn-primary text-white fw-bolder p-3 w-100 mb-3\u0027] (tried for 9 second(s) with 500 milliseconds interval)\r\n\tat org.openqa.selenium.support.ui.WebDriverWait.timeoutException(WebDriverWait.java:95)\r\n\tat org.openqa.selenium.support.ui.FluentWait.until(FluentWait.java:272)\r\n\tat utils.ReusableMethods.waitForVisibility(ReusableMethods.java:141)\r\n\tat utils.ReusableMethods.clickElement(ReusableMethods.java:145)\r\n\tat stepDefinitions.RegisterStepDef.userClickRegisterButton(RegisterStepDef.java:71)\r\n\tat âœ½.User click Register Button(file:///C:/Users/lenovo/IdeaProjects/Kitapyurducom/src/test/resources/features/orderNeeUserBankTransfer.feature:15)\r\nCaused by: org.openqa.selenium.NoSuchElementException: Can\u0027t locate an element by this strategy: By.xpath: //*[@class\u003d\u0027btn btn-primary text-white fw-bolder p-3 w-100 mb-3\u0027]\r\n\tat io.appium.java_client.pagefactory.AppiumElementLocator.findElement(AppiumElementLocator.java:126)\r\n\tat io.appium.java_client.pagefactory.interceptors.InterceptorOfASingleElement.intercept(InterceptorOfASingleElement.java:59)\r\n\tat io.appium.java_client.android.AndroidElement$$EnhancerByCGLIB$$b598166c.isDisplayed(\u003cgenerated\u003e)\r\n\tat org.openqa.selenium.support.ui.ExpectedConditions.elementIfVisible(ExpectedConditions.java:314)\r\n\tat org.openqa.selenium.support.ui.ExpectedConditions.access$000(ExpectedConditions.java:43)\r\n\tat org.openqa.selenium.support.ui.ExpectedConditions$10.apply(ExpectedConditions.java:300)\r\n\tat org.openqa.selenium.support.ui.ExpectedConditions$10.apply(ExpectedConditions.java:297)\r\n\tat org.openqa.selenium.support.ui.FluentWait.until(FluentWait.java:249)\r\n\tat utils.ReusableMethods.waitForVisibility(ReusableMethods.java:141)\r\n\tat utils.ReusableMethods.clickElement(ReusableMethods.java:145)\r\n\tat stepDefinitions.RegisterStepDef.userClickRegisterButton(RegisterStepDef.java:71)\r\n\tat java.base/jdk.internal.reflect.NativeMethodAccessorImpl.invoke0(Native Method)\r\n\tat java.base/jdk.internal.reflect.NativeMethodAccessorImpl.invoke(NativeMethodAccessorImpl.java:62)\r\n\tat java.base/jdk.internal.reflect.DelegatingMethodAccessorImpl.invoke(DelegatingMethodAccessorImpl.java:43)\r\n\tat java.base/java.lang.reflect.Method.invoke(Method.java:566)\r\n\tat io.cucumber.java.Invoker.doInvoke(Invoker.java:66)\r\n\tat io.cucumber.java.Invoker.invoke(Invoker.java:24)\r\n\tat io.cucumber.java.AbstractGlueDefinition.invokeMethod(AbstractGlueDefinition.java:47)\r\n\tat io.cucumber.java.JavaStepDefinition.execute(JavaStepDefinition.java:29)\r\n\tat io.cucumber.core.runner.CoreStepDefinition.execute(CoreStepDefinition.java:66)\r\n\tat io.cucumber.core.runner.PickleStepDefinitionMatch.runStep(PickleStepDefinitionMatch.java:63)\r\n\tat io.cucumber.core.runner.ExecutionMode$1.execute(ExecutionMode.java:10)\r\n\tat io.cucumber.core.runner.TestStep.executeStep(TestStep.java:92)\r\n\tat io.cucumber.core.runner.TestStep.run(TestStep.java:64)\r\n\tat io.cucumber.core.runner.PickleStepTestStep.run(PickleStepTestStep.java:51)\r\n\tat io.cucumber.core.runner.TestCase.run(TestCase.java:104)\r\n\tat io.cucumber.core.runner.Runner.runPickle(Runner.java:71)\r\n\tat io.cucumber.junit.PickleRunners$NoStepDescriptions.run(PickleRunners.java:151)\r\n\tat io.cucumber.junit.FeatureRunner.runChild(FeatureRunner.java:135)\r\n\tat io.cucumber.junit.FeatureRunner.runChild(FeatureRunner.java:27)\r\n\tat org.junit.runners.ParentRunner$4.run(ParentRunner.java:331)\r\n\tat org.junit.runners.ParentRunner$1.schedule(ParentRunner.java:79)\r\n\tat org.junit.runners.ParentRunner.runChildren(ParentRunner.java:329)\r\n\tat org.junit.runners.ParentRunner.access$100(ParentRunner.java:66)\r\n\tat org.junit.runners.ParentRunner$2.evaluate(ParentRunner.java:293)\r\n\tat org.junit.runners.ParentRunner$3.evaluate(ParentRunner.java:306)\r\n\tat org.junit.runners.ParentRunner.run(ParentRunner.java:413)\r\n\tat io.cucumber.junit.Cucumber.runChild(Cucumber.java:199)\r\n\tat io.cucumber.junit.Cucumber.runChild(Cucumber.java:90)\r\n\tat org.junit.runners.ParentRunner$4.run(ParentRunner.java:331)\r\n\tat org.junit.runners.ParentRunner$1.schedule(ParentRunner.java:79)\r\n\tat org.junit.runners.ParentRunner.runChildren(ParentRunner.java:329)\r\n\tat org.junit.runners.ParentRunner.access$100(ParentRunner.java:66)\r\n\tat org.junit.runners.ParentRunner$2.evaluate(ParentRunner.java:293)\r\n\tat io.cucumber.junit.Cucumber$RunCucumber.evaluate(Cucumber.java:234)\r\n\tat org.junit.runners.ParentRunner$3.evaluate(ParentRunner.java:306)\r\n\tat org.junit.runners.ParentRunner.run(ParentRunner.java:413)\r\n\tat org.junit.runner.JUnitCore.run(JUnitCore.java:137)\r\n\tat com.intellij.junit4.JUnit4IdeaTestRunner.startRunnerWithArgs(JUnit4IdeaTestRunner.java:69)\r\n\tat com.intellij.rt.junit.IdeaTestRunner$Repeater$1.execute(IdeaTestRunner.java:38)\r\n\tat com.intellij.rt.execution.junit.TestsRepeater.repeat(TestsRepeater.java:11)\r\n\tat com.intellij.rt.junit.IdeaTestRunner$Repeater.startRunnerWithArgs(IdeaTestRunner.java:35)\r\n\tat com.intellij.rt.junit.JUnitStarter.prepareStreamsAndStart(JUnitStarter.java:235)\r\n\tat com.intellij.rt.junit.JUnitStarter.main(JUnitStarter.java:54)\r\nCaused by: org.openqa.selenium.TimeoutException: Expected condition failed: waiting for io.appium.java_client.pagefactory.AppiumElementLocator$WaitingFunction@367f0121 (tried for 30 second(s) with 500 milliseconds interval)\r\n\tat org.openqa.selenium.support.ui.FluentWait.timeoutException(FluentWait.java:304)\r\n\tat org.openqa.selenium.support.ui.FluentWait.until(FluentWait.java:272)\r\n\tat io.appium.java_client.pagefactory.AppiumElementLocator.waitFor(AppiumElementLocator.java:99)\r\n\tat io.appium.java_client.pagefactory.AppiumElementLocator.findElement(AppiumElementLocator.java:119)\r\n\t... 53 more\r\nCaused by: org.openqa.selenium.NoSuchElementException: no such element: Unable to locate element: {\"method\":\"xpath\",\"selector\":\"//*[@class\u003d\u0027btn btn-primary text-white fw-bolder p-3 w-100 mb-3\u0027]\"}\n  (Session info: chrome\u003d111.0.5563.115)\nFor documentation on this error, please visit: https://www.seleniumhq.org/exceptions/no_such_element.html\nBuild info: version: \u00273.141.59\u0027, revision: \u0027e82be7d358\u0027, time: \u00272018-11-14T08:17:03\u0027\nSystem info: host: \u0027DESKTOP-CPLJUEO\u0027, ip: \u0027192.168.1.104\u0027, os.name: \u0027Windows 10\u0027, os.arch: \u0027amd64\u0027, os.version: \u002710.0\u0027, java.version: \u002711.0.15\u0027\nDriver info: io.appium.java_client.android.AndroidDriver\nCapabilities {appActivity: com.google.android.apps.chr..., appPackage: com.android.chrome, autoAcceptAlert: true, automationName: UiAutomator2, browserName: chrome, databaseEnabled: false, desired: {appActivity: , appPackage: , autoAcceptAlert: true, automationName: UiAutomator2, browserName: chrome, deviceName: FFY5T18301014957, newCommandTimeout: 60000, noReset: true, platformName: android, platformVersion: 8.0.0}, deviceApiLevel: 26, deviceManufacturer: HUAWEI, deviceModel: RNE-L21, deviceName: FFY5T18301014957, deviceScreenDensity: 480, deviceScreenSize: 1080x2160, deviceUDID: FFY5T18301014957, javascriptEnabled: true, locationContextEnabled: false, networkConnectionEnabled: true, newCommandTimeout: 60000, noReset: true, pixelRatio: 3, platform: LINUX, platformName: android, platformVersion: 8.0.0, statBarHeight: 72, takesScreenshot: true, viewportRect: {height: 1968, left: 0, top: 72, width: 1080}, warnings: {}, webStorageEnabled: false}\nSession ID: 348ca75d-7708-4325-8488-2f3576f81c77\n*** Element info: {Using\u003dxpath, value\u003d//*[@class\u003d\u0027btn btn-primary text-white fw-bolder p-3 w-100 mb-3\u0027]}\r\n\tat jdk.internal.reflect.GeneratedConstructorAccessor9.newInstance(Unknown Source)\r\n\tat java.base/jdk.internal.reflect.DelegatingConstructorAccessorImpl.newInstance(DelegatingConstructorAccessorImpl.java:45)\r\n\tat java.base/java.lang.reflect.Constructor.newInstance(Constructor.java:490)\r\n\tat org.openqa.selenium.remote.http.W3CHttpResponseCodec.createException(W3CHttpResponseCodec.java:187)\r\n\tat org.openqa.selenium.remote.http.W3CHttpResponseCodec.decode(W3CHttpResponseCodec.java:122)\r\n\tat org.openqa.selenium.remote.http.W3CHttpResponseCodec.decode(W3CHttpResponseCodec.java:49)\r\n\tat org.openqa.selenium.remote.HttpCommandExecutor.execute(HttpCommandExecutor.java:158)\r\n\tat io.appium.java_client.remote.AppiumCommandExecutor.execute(AppiumCommandExecutor.java:239)\r\n\tat org.openqa.selenium.remote.RemoteWebDriver.execute(RemoteWebDriver.java:552)\r\n\tat io.appium.java_client.DefaultGenericMobileDriver.execute(DefaultGenericMobileDriver.java:41)\r\n\tat io.appium.java_client.AppiumDriver.execute(AppiumDriver.java:1)\r\n\tat io.appium.java_client.android.AndroidDriver.execute(AndroidDriver.java:1)\r\n\tat org.openqa.selenium.remote.RemoteWebDriver.findElement(RemoteWebDriver.java:323)\r\n\tat io.appium.java_client.DefaultGenericMobileDriver.findElement(DefaultGenericMobileDriver.java:61)\r\n\tat io.appium.java_client.AppiumDriver.findElement(AppiumDriver.java:1)\r\n\tat io.appium.java_client.android.AndroidDriver.findElement(AndroidDriver.java:1)\r\n\tat org.openqa.selenium.remote.RemoteWebDriver.findElementByXPath(RemoteWebDriver.java:428)\r\n\tat io.appium.java_client.DefaultGenericMobileDriver.findElementByXPath(DefaultGenericMobileDriver.java:151)\r\n\tat io.appium.java_client.AppiumDriver.findElementByXPath(AppiumDriver.java:1)\r\n\tat io.appium.java_client.android.AndroidDriver.findElementByXPath(AndroidDriver.java:1)\r\n\tat org.openqa.selenium.By$ByXPath.findElement(By.java:353)\r\n\tat org.openqa.selenium.remote.RemoteWebDriver.findElement(RemoteWebDriver.java:315)\r\n\tat io.appium.java_client.DefaultGenericMobileDriver.findElement(DefaultGenericMobileDriver.java:57)\r\n\tat io.appium.java_client.AppiumDriver.findElement(AppiumDriver.java:1)\r\n\tat io.appium.java_client.android.AndroidDriver.findElement(AndroidDriver.java:1)\r\n\tat io.appium.java_client.pagefactory.bys.ContentMappedBy.findElement(ContentMappedBy.java:50)\r\n\tat org.openqa.selenium.remote.RemoteWebDriver.findElement(RemoteWebDriver.java:315)\r\n\tat io.appium.java_client.DefaultGenericMobileDriver.findElement(DefaultGenericMobileDriver.java:57)\r\n\tat io.appium.java_client.AppiumDriver.findElement(AppiumDriver.java:1)\r\n\tat io.appium.java_client.android.AndroidDriver.findElement(AndroidDriver.java:1)\r\n\tat io.appium.java_client.pagefactory.AppiumElementLocator.lambda$0(AppiumElementLocator.java:120)\r\n\tat io.appium.java_client.pagefactory.AppiumElementLocator$WaitingFunction.apply(AppiumElementLocator.java:172)\r\n\tat io.appium.java_client.pagefactory.AppiumElementLocator$WaitingFunction.apply(AppiumElementLocator.java:1)\r\n\tat org.openqa.selenium.support.ui.FluentWait.until(FluentWait.java:249)\r\n\t... 55 more\r\n",
              "duration": 30207089900,
              "status": "failed"
            },
            "line": 15,
            "name": "User click Register Button",
            "match": {
              "location": "stepDefinitions.RegisterStepDef.userClickRegisterButton()"
            },
            "keyword": "And "
          },
          {
            "result": {
              "status": "skipped"
            },
            "line": 16,
            "name": "User verifies Account Created message is visible",
            "match": {
              "location": "stepDefinitions.RegisterStepDef.userVerifiesAccountCreatedMessageIsVisible()"
            },
            "keyword": "And "
          }
        ],
        "tags": [
          {
            "name": "@BankTransfer"
          }
        ]
      }
    ],
    "name": "New User Order with Bank Transfer",
    "description": "",
    "id": "new-user-order-with-bank-transfer",
    "keyword": "Feature",
    "uri": "file:src/test/resources/features/orderNeeUserBankTransfer.feature",
    "tags": [
      {
        "name": "@BankTransfer",
        "type": "Tag",
        "location": {
          "line": 1,
          "column": 1
        }
      }
    ]
  }
]